<?xml version="1.0" encoding="UTF-8"?>
<testsuite xmlns:xsi="http://www.w3.org/2001/XMLSchema-instance" xsi:noNamespaceSchemaLocation="https://maven.apache.org/surefire/maven-surefire-plugin/xsd/surefire-test-report-3.0.xsd" version="3.0" name="com.snackbar.pickup.usecase.NotifyCustomerUseCaseImplTest" time="0.054" tests="2" errors="0" skipped="0" failures="0">
  <properties>
    <property name="java.specification.version" value="21"/>
    <property name="sun.jnu.encoding" value="UTF-8"/>
    <property name="java.class.path" value="/Users/thiagomoreira/APP-Snackbar/snackbar/backend/target/test-classes:/Users/thiagomoreira/APP-Snackbar/snackbar/backend/target/classes:/Users/thiagomoreira/.m2/repository/org/springframework/boot/spring-boot-starter-data-mongodb/3.4.1/spring-boot-starter-data-mongodb-3.4.1.jar:/Users/thiagomoreira/.m2/repository/org/springframework/boot/spring-boot-starter/3.4.1/spring-boot-starter-3.4.1.jar:/Users/thiagomoreira/.m2/repository/org/springframework/boot/spring-boot/3.4.1/spring-boot-3.4.1.jar:/Users/thiagomoreira/.m2/repository/org/springframework/boot/spring-boot-autoconfigure/3.4.1/spring-boot-autoconfigure-3.4.1.jar:/Users/thiagomoreira/.m2/repository/org/springframework/boot/spring-boot-starter-logging/3.4.1/spring-boot-starter-logging-3.4.1.jar:/Users/thiagomoreira/.m2/repository/ch/qos/logback/logback-classic/1.5.12/logback-classic-1.5.12.jar:/Users/thiagomoreira/.m2/repository/ch/qos/logback/logback-core/1.5.12/logback-core-1.5.12.jar:/Users/thiagomoreira/.m2/repository/org/apache/logging/log4j/log4j-to-slf4j/2.24.3/log4j-to-slf4j-2.24.3.jar:/Users/thiagomoreira/.m2/repository/org/apache/logging/log4j/log4j-api/2.24.3/log4j-api-2.24.3.jar:/Users/thiagomoreira/.m2/repository/org/slf4j/jul-to-slf4j/2.0.16/jul-to-slf4j-2.0.16.jar:/Users/thiagomoreira/.m2/repository/jakarta/annotation/jakarta.annotation-api/2.1.1/jakarta.annotation-api-2.1.1.jar:/Users/thiagomoreira/.m2/repository/org/yaml/snakeyaml/2.3/snakeyaml-2.3.jar:/Users/thiagomoreira/.m2/repository/org/mongodb/mongodb-driver-sync/5.2.1/mongodb-driver-sync-5.2.1.jar:/Users/thiagomoreira/.m2/repository/org/mongodb/bson/5.2.1/bson-5.2.1.jar:/Users/thiagomoreira/.m2/repository/org/mongodb/mongodb-driver-core/5.2.1/mongodb-driver-core-5.2.1.jar:/Users/thiagomoreira/.m2/repository/org/mongodb/bson-record-codec/5.2.1/bson-record-codec-5.2.1.jar:/Users/thiagomoreira/.m2/repository/org/springframework/data/spring-data-mongodb/4.4.1/spring-data-mongodb-4.4.1.jar:/Users/thiagomoreira/.m2/repository/org/springframework/spring-tx/6.2.1/spring-tx-6.2.1.jar:/Users/thiagomoreira/.m2/repository/org/springframework/spring-context/6.2.1/spring-context-6.2.1.jar:/Users/thiagomoreira/.m2/repository/org/springframework/spring-beans/6.2.1/spring-beans-6.2.1.jar:/Users/thiagomoreira/.m2/repository/org/springframework/spring-expression/6.2.1/spring-expression-6.2.1.jar:/Users/thiagomoreira/.m2/repository/org/springframework/data/spring-data-commons/3.4.1/spring-data-commons-3.4.1.jar:/Users/thiagomoreira/.m2/repository/org/slf4j/slf4j-api/2.0.16/slf4j-api-2.0.16.jar:/Users/thiagomoreira/.m2/repository/org/springframework/boot/spring-boot-starter-web/3.4.1/spring-boot-starter-web-3.4.1.jar:/Users/thiagomoreira/.m2/repository/org/springframework/boot/spring-boot-starter-json/3.4.1/spring-boot-starter-json-3.4.1.jar:/Users/thiagomoreira/.m2/repository/com/fasterxml/jackson/datatype/jackson-datatype-jdk8/2.18.2/jackson-datatype-jdk8-2.18.2.jar:/Users/thiagomoreira/.m2/repository/com/fasterxml/jackson/datatype/jackson-datatype-jsr310/2.18.2/jackson-datatype-jsr310-2.18.2.jar:/Users/thiagomoreira/.m2/repository/com/fasterxml/jackson/module/jackson-module-parameter-names/2.18.2/jackson-module-parameter-names-2.18.2.jar:/Users/thiagomoreira/.m2/repository/org/springframework/boot/spring-boot-starter-tomcat/3.4.1/spring-boot-starter-tomcat-3.4.1.jar:/Users/thiagomoreira/.m2/repository/org/apache/tomcat/embed/tomcat-embed-core/10.1.34/tomcat-embed-core-10.1.34.jar:/Users/thiagomoreira/.m2/repository/org/apache/tomcat/embed/tomcat-embed-websocket/10.1.34/tomcat-embed-websocket-10.1.34.jar:/Users/thiagomoreira/.m2/repository/org/springframework/spring-web/6.2.1/spring-web-6.2.1.jar:/Users/thiagomoreira/.m2/repository/org/springframework/spring-webmvc/6.2.1/spring-webmvc-6.2.1.jar:/Users/thiagomoreira/.m2/repository/org/springframework/boot/spring-boot-starter-test/3.4.1/spring-boot-starter-test-3.4.1.jar:/Users/thiagomoreira/.m2/repository/org/springframework/boot/spring-boot-test/3.4.1/spring-boot-test-3.4.1.jar:/Users/thiagomoreira/.m2/repository/org/springframework/boot/spring-boot-test-autoconfigure/3.4.1/spring-boot-test-autoconfigure-3.4.1.jar:/Users/thiagomoreira/.m2/repository/com/jayway/jsonpath/json-path/2.9.0/json-path-2.9.0.jar:/Users/thiagomoreira/.m2/repository/jakarta/xml/bind/jakarta.xml.bind-api/4.0.2/jakarta.xml.bind-api-4.0.2.jar:/Users/thiagomoreira/.m2/repository/jakarta/activation/jakarta.activation-api/2.1.3/jakarta.activation-api-2.1.3.jar:/Users/thiagomoreira/.m2/repository/net/minidev/json-smart/2.5.1/json-smart-2.5.1.jar:/Users/thiagomoreira/.m2/repository/net/minidev/accessors-smart/2.5.1/accessors-smart-2.5.1.jar:/Users/thiagomoreira/.m2/repository/org/ow2/asm/asm/9.6/asm-9.6.jar:/Users/thiagomoreira/.m2/repository/org/assertj/assertj-core/3.26.3/assertj-core-3.26.3.jar:/Users/thiagomoreira/.m2/repository/net/bytebuddy/byte-buddy/1.15.11/byte-buddy-1.15.11.jar:/Users/thiagomoreira/.m2/repository/org/awaitility/awaitility/4.2.2/awaitility-4.2.2.jar:/Users/thiagomoreira/.m2/repository/org/hamcrest/hamcrest/2.2/hamcrest-2.2.jar:/Users/thiagomoreira/.m2/repository/org/junit/jupiter/junit-jupiter/5.11.4/junit-jupiter-5.11.4.jar:/Users/thiagomoreira/.m2/repository/org/junit/jupiter/junit-jupiter-api/5.11.4/junit-jupiter-api-5.11.4.jar:/Users/thiagomoreira/.m2/repository/org/opentest4j/opentest4j/1.3.0/opentest4j-1.3.0.jar:/Users/thiagomoreira/.m2/repository/org/junit/platform/junit-platform-commons/1.11.4/junit-platform-commons-1.11.4.jar:/Users/thiagomoreira/.m2/repository/org/apiguardian/apiguardian-api/1.1.2/apiguardian-api-1.1.2.jar:/Users/thiagomoreira/.m2/repository/org/junit/jupiter/junit-jupiter-params/5.11.4/junit-jupiter-params-5.11.4.jar:/Users/thiagomoreira/.m2/repository/org/junit/jupiter/junit-jupiter-engine/5.11.4/junit-jupiter-engine-5.11.4.jar:/Users/thiagomoreira/.m2/repository/org/junit/platform/junit-platform-engine/1.11.4/junit-platform-engine-1.11.4.jar:/Users/thiagomoreira/.m2/repository/org/mockito/mockito-core/5.14.2/mockito-core-5.14.2.jar:/Users/thiagomoreira/.m2/repository/net/bytebuddy/byte-buddy-agent/1.15.11/byte-buddy-agent-1.15.11.jar:/Users/thiagomoreira/.m2/repository/org/objenesis/objenesis/3.3/objenesis-3.3.jar:/Users/thiagomoreira/.m2/repository/org/mockito/mockito-junit-jupiter/5.14.2/mockito-junit-jupiter-5.14.2.jar:/Users/thiagomoreira/.m2/repository/org/skyscreamer/jsonassert/1.5.3/jsonassert-1.5.3.jar:/Users/thiagomoreira/.m2/repository/com/vaadin/external/google/android-json/0.0.20131108.vaadin1/android-json-0.0.20131108.vaadin1.jar:/Users/thiagomoreira/.m2/repository/org/springframework/spring-core/6.2.1/spring-core-6.2.1.jar:/Users/thiagomoreira/.m2/repository/org/springframework/spring-jcl/6.2.1/spring-jcl-6.2.1.jar:/Users/thiagomoreira/.m2/repository/org/springframework/spring-test/6.2.1/spring-test-6.2.1.jar:/Users/thiagomoreira/.m2/repository/org/xmlunit/xmlunit-core/2.10.0/xmlunit-core-2.10.0.jar:/Users/thiagomoreira/.m2/repository/org/mybatis/mybatis-spring/3.0.3/mybatis-spring-3.0.3.jar:/Users/thiagomoreira/.m2/repository/org/springframework/boot/spring-boot-starter-validation/3.4.1/spring-boot-starter-validation-3.4.1.jar:/Users/thiagomoreira/.m2/repository/org/apache/tomcat/embed/tomcat-embed-el/10.1.34/tomcat-embed-el-10.1.34.jar:/Users/thiagomoreira/.m2/repository/org/hibernate/validator/hibernate-validator/8.0.2.Final/hibernate-validator-8.0.2.Final.jar:/Users/thiagomoreira/.m2/repository/jakarta/validation/jakarta.validation-api/3.0.2/jakarta.validation-api-3.0.2.jar:/Users/thiagomoreira/.m2/repository/org/jboss/logging/jboss-logging/3.6.1.Final/jboss-logging-3.6.1.Final.jar:/Users/thiagomoreira/.m2/repository/com/fasterxml/classmate/1.7.0/classmate-1.7.0.jar:/Users/thiagomoreira/.m2/repository/org/projectlombok/lombok/1.18.34/lombok-1.18.34.jar:/Users/thiagomoreira/.m2/repository/org/springframework/boot/spring-boot-starter-security/3.4.1/spring-boot-starter-security-3.4.1.jar:/Users/thiagomoreira/.m2/repository/org/springframework/spring-aop/6.2.1/spring-aop-6.2.1.jar:/Users/thiagomoreira/.m2/repository/org/springframework/security/spring-security-config/6.4.2/spring-security-config-6.4.2.jar:/Users/thiagomoreira/.m2/repository/org/springframework/security/spring-security-web/6.4.2/spring-security-web-6.4.2.jar:/Users/thiagomoreira/.m2/repository/io/jsonwebtoken/jjwt-api/0.11.5/jjwt-api-0.11.5.jar:/Users/thiagomoreira/.m2/repository/io/jsonwebtoken/jjwt-impl/0.11.5/jjwt-impl-0.11.5.jar:/Users/thiagomoreira/.m2/repository/io/jsonwebtoken/jjwt-jackson/0.11.5/jjwt-jackson-0.11.5.jar:/Users/thiagomoreira/.m2/repository/com/fasterxml/jackson/core/jackson-databind/2.18.2/jackson-databind-2.18.2.jar:/Users/thiagomoreira/.m2/repository/com/fasterxml/jackson/core/jackson-annotations/2.18.2/jackson-annotations-2.18.2.jar:/Users/thiagomoreira/.m2/repository/com/fasterxml/jackson/core/jackson-core/2.18.2/jackson-core-2.18.2.jar:/Users/thiagomoreira/.m2/repository/org/springframework/security/spring-security-oauth2-jose/5.8.4/spring-security-oauth2-jose-5.8.4.jar:/Users/thiagomoreira/.m2/repository/org/springframework/security/spring-security-core/6.4.2/spring-security-core-6.4.2.jar:/Users/thiagomoreira/.m2/repository/org/springframework/security/spring-security-crypto/6.4.2/spring-security-crypto-6.4.2.jar:/Users/thiagomoreira/.m2/repository/org/springframework/security/spring-security-oauth2-core/6.4.2/spring-security-oauth2-core-6.4.2.jar:/Users/thiagomoreira/.m2/repository/com/nimbusds/nimbus-jose-jwt/9.24.4/nimbus-jose-jwt-9.24.4.jar:/Users/thiagomoreira/.m2/repository/com/github/stephenc/jcip/jcip-annotations/1.0-1/jcip-annotations-1.0-1.jar:/Users/thiagomoreira/.m2/repository/org/springframework/cloud/spring-cloud-starter-openfeign/4.2.0/spring-cloud-starter-openfeign-4.2.0.jar:/Users/thiagomoreira/.m2/repository/org/springframework/cloud/spring-cloud-starter/4.2.0/spring-cloud-starter-4.2.0.jar:/Users/thiagomoreira/.m2/repository/org/springframework/cloud/spring-cloud-context/4.2.0/spring-cloud-context-4.2.0.jar:/Users/thiagomoreira/.m2/repository/org/bouncycastle/bcprov-jdk18on/1.78.1/bcprov-jdk18on-1.78.1.jar:/Users/thiagomoreira/.m2/repository/org/springframework/cloud/spring-cloud-openfeign-core/4.2.0/spring-cloud-openfeign-core-4.2.0.jar:/Users/thiagomoreira/.m2/repository/io/github/openfeign/feign-form-spring/13.5/feign-form-spring-13.5.jar:/Users/thiagomoreira/.m2/repository/io/github/openfeign/feign-form/13.5/feign-form-13.5.jar:/Users/thiagomoreira/.m2/repository/commons-fileupload/commons-fileupload/1.5/commons-fileupload-1.5.jar:/Users/thiagomoreira/.m2/repository/commons-io/commons-io/2.11.0/commons-io-2.11.0.jar:/Users/thiagomoreira/.m2/repository/org/springframework/cloud/spring-cloud-commons/4.2.0/spring-cloud-commons-4.2.0.jar:/Users/thiagomoreira/.m2/repository/io/github/openfeign/feign-core/13.5/feign-core-13.5.jar:/Users/thiagomoreira/.m2/repository/io/github/openfeign/feign-slf4j/13.5/feign-slf4j-13.5.jar:/Users/thiagomoreira/.m2/repository/com/google/code/gson/gson/2.11.0/gson-2.11.0.jar:/Users/thiagomoreira/.m2/repository/com/google/errorprone/error_prone_annotations/2.27.0/error_prone_annotations-2.27.0.jar:/Users/thiagomoreira/.m2/repository/javax/validation/validation-api/2.0.1.Final/validation-api-2.0.1.Final.jar:/Users/thiagomoreira/.m2/repository/javax/servlet/javax.servlet-api/3.1.0/javax.servlet-api-3.1.0.jar:/Users/thiagomoreira/.m2/repository/org/springdoc/springdoc-openapi-starter-webmvc-ui/2.6.0/springdoc-openapi-starter-webmvc-ui-2.6.0.jar:/Users/thiagomoreira/.m2/repository/org/springdoc/springdoc-openapi-starter-webmvc-api/2.6.0/springdoc-openapi-starter-webmvc-api-2.6.0.jar:/Users/thiagomoreira/.m2/repository/org/springdoc/springdoc-openapi-starter-common/2.6.0/springdoc-openapi-starter-common-2.6.0.jar:/Users/thiagomoreira/.m2/repository/io/swagger/core/v3/swagger-core-jakarta/2.2.22/swagger-core-jakarta-2.2.22.jar:/Users/thiagomoreira/.m2/repository/org/apache/commons/commons-lang3/3.17.0/commons-lang3-3.17.0.jar:/Users/thiagomoreira/.m2/repository/io/swagger/core/v3/swagger-annotations-jakarta/2.2.22/swagger-annotations-jakarta-2.2.22.jar:/Users/thiagomoreira/.m2/repository/io/swagger/core/v3/swagger-models-jakarta/2.2.22/swagger-models-jakarta-2.2.22.jar:/Users/thiagomoreira/.m2/repository/com/fasterxml/jackson/dataformat/jackson-dataformat-yaml/2.18.2/jackson-dataformat-yaml-2.18.2.jar:/Users/thiagomoreira/.m2/repository/org/webjars/swagger-ui/5.17.14/swagger-ui-5.17.14.jar:/Users/thiagomoreira/.m2/repository/org/springframework/boot/spring-boot-starter-webflux/3.4.1/spring-boot-starter-webflux-3.4.1.jar:/Users/thiagomoreira/.m2/repository/org/springframework/boot/spring-boot-starter-reactor-netty/3.4.1/spring-boot-starter-reactor-netty-3.4.1.jar:/Users/thiagomoreira/.m2/repository/io/projectreactor/netty/reactor-netty-http/1.2.1/reactor-netty-http-1.2.1.jar:/Users/thiagomoreira/.m2/repository/io/netty/netty-codec-http/4.1.116.Final/netty-codec-http-4.1.116.Final.jar:/Users/thiagomoreira/.m2/repository/io/netty/netty-common/4.1.116.Final/netty-common-4.1.116.Final.jar:/Users/thiagomoreira/.m2/repository/io/netty/netty-buffer/4.1.116.Final/netty-buffer-4.1.116.Final.jar:/Users/thiagomoreira/.m2/repository/io/netty/netty-transport/4.1.116.Final/netty-transport-4.1.116.Final.jar:/Users/thiagomoreira/.m2/repository/io/netty/netty-codec/4.1.116.Final/netty-codec-4.1.116.Final.jar:/Users/thiagomoreira/.m2/repository/io/netty/netty-handler/4.1.116.Final/netty-handler-4.1.116.Final.jar:/Users/thiagomoreira/.m2/repository/io/netty/netty-codec-http2/4.1.116.Final/netty-codec-http2-4.1.116.Final.jar:/Users/thiagomoreira/.m2/repository/io/netty/netty-resolver-dns/4.1.116.Final/netty-resolver-dns-4.1.116.Final.jar:/Users/thiagomoreira/.m2/repository/io/netty/netty-resolver/4.1.116.Final/netty-resolver-4.1.116.Final.jar:/Users/thiagomoreira/.m2/repository/io/netty/netty-codec-dns/4.1.116.Final/netty-codec-dns-4.1.116.Final.jar:/Users/thiagomoreira/.m2/repository/io/netty/netty-resolver-dns-native-macos/4.1.116.Final/netty-resolver-dns-native-macos-4.1.116.Final-osx-x86_64.jar:/Users/thiagomoreira/.m2/repository/io/netty/netty-resolver-dns-classes-macos/4.1.116.Final/netty-resolver-dns-classes-macos-4.1.116.Final.jar:/Users/thiagomoreira/.m2/repository/io/netty/netty-transport-native-epoll/4.1.116.Final/netty-transport-native-epoll-4.1.116.Final-linux-x86_64.jar:/Users/thiagomoreira/.m2/repository/io/netty/netty-transport-native-unix-common/4.1.116.Final/netty-transport-native-unix-common-4.1.116.Final.jar:/Users/thiagomoreira/.m2/repository/io/netty/netty-transport-classes-epoll/4.1.116.Final/netty-transport-classes-epoll-4.1.116.Final.jar:/Users/thiagomoreira/.m2/repository/io/projectreactor/netty/reactor-netty-core/1.2.1/reactor-netty-core-1.2.1.jar:/Users/thiagomoreira/.m2/repository/io/netty/netty-handler-proxy/4.1.116.Final/netty-handler-proxy-4.1.116.Final.jar:/Users/thiagomoreira/.m2/repository/io/netty/netty-codec-socks/4.1.116.Final/netty-codec-socks-4.1.116.Final.jar:/Users/thiagomoreira/.m2/repository/org/springframework/spring-webflux/6.2.1/spring-webflux-6.2.1.jar:/Users/thiagomoreira/.m2/repository/io/projectreactor/reactor-core/3.7.1/reactor-core-3.7.1.jar:/Users/thiagomoreira/.m2/repository/org/reactivestreams/reactive-streams/1.0.4/reactive-streams-1.0.4.jar:/Users/thiagomoreira/.m2/repository/org/springframework/boot/spring-boot-starter-actuator/3.4.1/spring-boot-starter-actuator-3.4.1.jar:/Users/thiagomoreira/.m2/repository/org/springframework/boot/spring-boot-actuator-autoconfigure/3.4.1/spring-boot-actuator-autoconfigure-3.4.1.jar:/Users/thiagomoreira/.m2/repository/org/springframework/boot/spring-boot-actuator/3.4.1/spring-boot-actuator-3.4.1.jar:/Users/thiagomoreira/.m2/repository/io/micrometer/micrometer-observation/1.14.2/micrometer-observation-1.14.2.jar:/Users/thiagomoreira/.m2/repository/io/micrometer/micrometer-commons/1.14.2/micrometer-commons-1.14.2.jar:/Users/thiagomoreira/.m2/repository/io/micrometer/micrometer-jakarta9/1.14.2/micrometer-jakarta9-1.14.2.jar:/Users/thiagomoreira/.m2/repository/io/micrometer/micrometer-core/1.14.2/micrometer-core-1.14.2.jar:/Users/thiagomoreira/.m2/repository/org/hdrhistogram/HdrHistogram/2.2.2/HdrHistogram-2.2.2.jar:/Users/thiagomoreira/.m2/repository/org/latencyutils/LatencyUtils/2.0.3/LatencyUtils-2.0.3.jar:"/>
    <property name="java.vm.vendor" value="Oracle Corporation"/>
    <property name="sun.arch.data.model" value="64"/>
    <property name="java.vendor.url" value="https://java.oracle.com/"/>
    <property name="user.timezone" value="America/Sao_Paulo"/>
    <property name="os.name" value="Mac OS X"/>
    <property name="java.vm.specification.version" value="21"/>
    <property name="sun.java.launcher" value="SUN_STANDARD"/>
    <property name="user.country" value="BR"/>
    <property name="sun.boot.library.path" value="/Users/thiagomoreira/.sdkman/candidates/java/21.0.2-open/lib"/>
    <property name="sun.java.command" value="/Users/thiagomoreira/APP-Snackbar/snackbar/backend/target/surefire/surefirebooter4412370466219143718.jar /Users/thiagomoreira/APP-Snackbar/snackbar/backend/target/surefire 2025-03-23T23-31-01_933-jvmRun1 surefire7531138047569006850tmp surefire_012737534083206378959tmp"/>
    <property name="http.nonProxyHosts" value="local|*.local|169.254/16|*.169.254/16"/>
    <property name="jdk.debug" value="release"/>
    <property name="surefire.test.class.path" value="/Users/thiagomoreira/APP-Snackbar/snackbar/backend/target/test-classes:/Users/thiagomoreira/APP-Snackbar/snackbar/backend/target/classes:/Users/thiagomoreira/.m2/repository/org/springframework/boot/spring-boot-starter-data-mongodb/3.4.1/spring-boot-starter-data-mongodb-3.4.1.jar:/Users/thiagomoreira/.m2/repository/org/springframework/boot/spring-boot-starter/3.4.1/spring-boot-starter-3.4.1.jar:/Users/thiagomoreira/.m2/repository/org/springframework/boot/spring-boot/3.4.1/spring-boot-3.4.1.jar:/Users/thiagomoreira/.m2/repository/org/springframework/boot/spring-boot-autoconfigure/3.4.1/spring-boot-autoconfigure-3.4.1.jar:/Users/thiagomoreira/.m2/repository/org/springframework/boot/spring-boot-starter-logging/3.4.1/spring-boot-starter-logging-3.4.1.jar:/Users/thiagomoreira/.m2/repository/ch/qos/logback/logback-classic/1.5.12/logback-classic-1.5.12.jar:/Users/thiagomoreira/.m2/repository/ch/qos/logback/logback-core/1.5.12/logback-core-1.5.12.jar:/Users/thiagomoreira/.m2/repository/org/apache/logging/log4j/log4j-to-slf4j/2.24.3/log4j-to-slf4j-2.24.3.jar:/Users/thiagomoreira/.m2/repository/org/apache/logging/log4j/log4j-api/2.24.3/log4j-api-2.24.3.jar:/Users/thiagomoreira/.m2/repository/org/slf4j/jul-to-slf4j/2.0.16/jul-to-slf4j-2.0.16.jar:/Users/thiagomoreira/.m2/repository/jakarta/annotation/jakarta.annotation-api/2.1.1/jakarta.annotation-api-2.1.1.jar:/Users/thiagomoreira/.m2/repository/org/yaml/snakeyaml/2.3/snakeyaml-2.3.jar:/Users/thiagomoreira/.m2/repository/org/mongodb/mongodb-driver-sync/5.2.1/mongodb-driver-sync-5.2.1.jar:/Users/thiagomoreira/.m2/repository/org/mongodb/bson/5.2.1/bson-5.2.1.jar:/Users/thiagomoreira/.m2/repository/org/mongodb/mongodb-driver-core/5.2.1/mongodb-driver-core-5.2.1.jar:/Users/thiagomoreira/.m2/repository/org/mongodb/bson-record-codec/5.2.1/bson-record-codec-5.2.1.jar:/Users/thiagomoreira/.m2/repository/org/springframework/data/spring-data-mongodb/4.4.1/spring-data-mongodb-4.4.1.jar:/Users/thiagomoreira/.m2/repository/org/springframework/spring-tx/6.2.1/spring-tx-6.2.1.jar:/Users/thiagomoreira/.m2/repository/org/springframework/spring-context/6.2.1/spring-context-6.2.1.jar:/Users/thiagomoreira/.m2/repository/org/springframework/spring-beans/6.2.1/spring-beans-6.2.1.jar:/Users/thiagomoreira/.m2/repository/org/springframework/spring-expression/6.2.1/spring-expression-6.2.1.jar:/Users/thiagomoreira/.m2/repository/org/springframework/data/spring-data-commons/3.4.1/spring-data-commons-3.4.1.jar:/Users/thiagomoreira/.m2/repository/org/slf4j/slf4j-api/2.0.16/slf4j-api-2.0.16.jar:/Users/thiagomoreira/.m2/repository/org/springframework/boot/spring-boot-starter-web/3.4.1/spring-boot-starter-web-3.4.1.jar:/Users/thiagomoreira/.m2/repository/org/springframework/boot/spring-boot-starter-json/3.4.1/spring-boot-starter-json-3.4.1.jar:/Users/thiagomoreira/.m2/repository/com/fasterxml/jackson/datatype/jackson-datatype-jdk8/2.18.2/jackson-datatype-jdk8-2.18.2.jar:/Users/thiagomoreira/.m2/repository/com/fasterxml/jackson/datatype/jackson-datatype-jsr310/2.18.2/jackson-datatype-jsr310-2.18.2.jar:/Users/thiagomoreira/.m2/repository/com/fasterxml/jackson/module/jackson-module-parameter-names/2.18.2/jackson-module-parameter-names-2.18.2.jar:/Users/thiagomoreira/.m2/repository/org/springframework/boot/spring-boot-starter-tomcat/3.4.1/spring-boot-starter-tomcat-3.4.1.jar:/Users/thiagomoreira/.m2/repository/org/apache/tomcat/embed/tomcat-embed-core/10.1.34/tomcat-embed-core-10.1.34.jar:/Users/thiagomoreira/.m2/repository/org/apache/tomcat/embed/tomcat-embed-websocket/10.1.34/tomcat-embed-websocket-10.1.34.jar:/Users/thiagomoreira/.m2/repository/org/springframework/spring-web/6.2.1/spring-web-6.2.1.jar:/Users/thiagomoreira/.m2/repository/org/springframework/spring-webmvc/6.2.1/spring-webmvc-6.2.1.jar:/Users/thiagomoreira/.m2/repository/org/springframework/boot/spring-boot-starter-test/3.4.1/spring-boot-starter-test-3.4.1.jar:/Users/thiagomoreira/.m2/repository/org/springframework/boot/spring-boot-test/3.4.1/spring-boot-test-3.4.1.jar:/Users/thiagomoreira/.m2/repository/org/springframework/boot/spring-boot-test-autoconfigure/3.4.1/spring-boot-test-autoconfigure-3.4.1.jar:/Users/thiagomoreira/.m2/repository/com/jayway/jsonpath/json-path/2.9.0/json-path-2.9.0.jar:/Users/thiagomoreira/.m2/repository/jakarta/xml/bind/jakarta.xml.bind-api/4.0.2/jakarta.xml.bind-api-4.0.2.jar:/Users/thiagomoreira/.m2/repository/jakarta/activation/jakarta.activation-api/2.1.3/jakarta.activation-api-2.1.3.jar:/Users/thiagomoreira/.m2/repository/net/minidev/json-smart/2.5.1/json-smart-2.5.1.jar:/Users/thiagomoreira/.m2/repository/net/minidev/accessors-smart/2.5.1/accessors-smart-2.5.1.jar:/Users/thiagomoreira/.m2/repository/org/ow2/asm/asm/9.6/asm-9.6.jar:/Users/thiagomoreira/.m2/repository/org/assertj/assertj-core/3.26.3/assertj-core-3.26.3.jar:/Users/thiagomoreira/.m2/repository/net/bytebuddy/byte-buddy/1.15.11/byte-buddy-1.15.11.jar:/Users/thiagomoreira/.m2/repository/org/awaitility/awaitility/4.2.2/awaitility-4.2.2.jar:/Users/thiagomoreira/.m2/repository/org/hamcrest/hamcrest/2.2/hamcrest-2.2.jar:/Users/thiagomoreira/.m2/repository/org/junit/jupiter/junit-jupiter/5.11.4/junit-jupiter-5.11.4.jar:/Users/thiagomoreira/.m2/repository/org/junit/jupiter/junit-jupiter-api/5.11.4/junit-jupiter-api-5.11.4.jar:/Users/thiagomoreira/.m2/repository/org/opentest4j/opentest4j/1.3.0/opentest4j-1.3.0.jar:/Users/thiagomoreira/.m2/repository/org/junit/platform/junit-platform-commons/1.11.4/junit-platform-commons-1.11.4.jar:/Users/thiagomoreira/.m2/repository/org/apiguardian/apiguardian-api/1.1.2/apiguardian-api-1.1.2.jar:/Users/thiagomoreira/.m2/repository/org/junit/jupiter/junit-jupiter-params/5.11.4/junit-jupiter-params-5.11.4.jar:/Users/thiagomoreira/.m2/repository/org/junit/jupiter/junit-jupiter-engine/5.11.4/junit-jupiter-engine-5.11.4.jar:/Users/thiagomoreira/.m2/repository/org/junit/platform/junit-platform-engine/1.11.4/junit-platform-engine-1.11.4.jar:/Users/thiagomoreira/.m2/repository/org/mockito/mockito-core/5.14.2/mockito-core-5.14.2.jar:/Users/thiagomoreira/.m2/repository/net/bytebuddy/byte-buddy-agent/1.15.11/byte-buddy-agent-1.15.11.jar:/Users/thiagomoreira/.m2/repository/org/objenesis/objenesis/3.3/objenesis-3.3.jar:/Users/thiagomoreira/.m2/repository/org/mockito/mockito-junit-jupiter/5.14.2/mockito-junit-jupiter-5.14.2.jar:/Users/thiagomoreira/.m2/repository/org/skyscreamer/jsonassert/1.5.3/jsonassert-1.5.3.jar:/Users/thiagomoreira/.m2/repository/com/vaadin/external/google/android-json/0.0.20131108.vaadin1/android-json-0.0.20131108.vaadin1.jar:/Users/thiagomoreira/.m2/repository/org/springframework/spring-core/6.2.1/spring-core-6.2.1.jar:/Users/thiagomoreira/.m2/repository/org/springframework/spring-jcl/6.2.1/spring-jcl-6.2.1.jar:/Users/thiagomoreira/.m2/repository/org/springframework/spring-test/6.2.1/spring-test-6.2.1.jar:/Users/thiagomoreira/.m2/repository/org/xmlunit/xmlunit-core/2.10.0/xmlunit-core-2.10.0.jar:/Users/thiagomoreira/.m2/repository/org/mybatis/mybatis-spring/3.0.3/mybatis-spring-3.0.3.jar:/Users/thiagomoreira/.m2/repository/org/springframework/boot/spring-boot-starter-validation/3.4.1/spring-boot-starter-validation-3.4.1.jar:/Users/thiagomoreira/.m2/repository/org/apache/tomcat/embed/tomcat-embed-el/10.1.34/tomcat-embed-el-10.1.34.jar:/Users/thiagomoreira/.m2/repository/org/hibernate/validator/hibernate-validator/8.0.2.Final/hibernate-validator-8.0.2.Final.jar:/Users/thiagomoreira/.m2/repository/jakarta/validation/jakarta.validation-api/3.0.2/jakarta.validation-api-3.0.2.jar:/Users/thiagomoreira/.m2/repository/org/jboss/logging/jboss-logging/3.6.1.Final/jboss-logging-3.6.1.Final.jar:/Users/thiagomoreira/.m2/repository/com/fasterxml/classmate/1.7.0/classmate-1.7.0.jar:/Users/thiagomoreira/.m2/repository/org/projectlombok/lombok/1.18.34/lombok-1.18.34.jar:/Users/thiagomoreira/.m2/repository/org/springframework/boot/spring-boot-starter-security/3.4.1/spring-boot-starter-security-3.4.1.jar:/Users/thiagomoreira/.m2/repository/org/springframework/spring-aop/6.2.1/spring-aop-6.2.1.jar:/Users/thiagomoreira/.m2/repository/org/springframework/security/spring-security-config/6.4.2/spring-security-config-6.4.2.jar:/Users/thiagomoreira/.m2/repository/org/springframework/security/spring-security-web/6.4.2/spring-security-web-6.4.2.jar:/Users/thiagomoreira/.m2/repository/io/jsonwebtoken/jjwt-api/0.11.5/jjwt-api-0.11.5.jar:/Users/thiagomoreira/.m2/repository/io/jsonwebtoken/jjwt-impl/0.11.5/jjwt-impl-0.11.5.jar:/Users/thiagomoreira/.m2/repository/io/jsonwebtoken/jjwt-jackson/0.11.5/jjwt-jackson-0.11.5.jar:/Users/thiagomoreira/.m2/repository/com/fasterxml/jackson/core/jackson-databind/2.18.2/jackson-databind-2.18.2.jar:/Users/thiagomoreira/.m2/repository/com/fasterxml/jackson/core/jackson-annotations/2.18.2/jackson-annotations-2.18.2.jar:/Users/thiagomoreira/.m2/repository/com/fasterxml/jackson/core/jackson-core/2.18.2/jackson-core-2.18.2.jar:/Users/thiagomoreira/.m2/repository/org/springframework/security/spring-security-oauth2-jose/5.8.4/spring-security-oauth2-jose-5.8.4.jar:/Users/thiagomoreira/.m2/repository/org/springframework/security/spring-security-core/6.4.2/spring-security-core-6.4.2.jar:/Users/thiagomoreira/.m2/repository/org/springframework/security/spring-security-crypto/6.4.2/spring-security-crypto-6.4.2.jar:/Users/thiagomoreira/.m2/repository/org/springframework/security/spring-security-oauth2-core/6.4.2/spring-security-oauth2-core-6.4.2.jar:/Users/thiagomoreira/.m2/repository/com/nimbusds/nimbus-jose-jwt/9.24.4/nimbus-jose-jwt-9.24.4.jar:/Users/thiagomoreira/.m2/repository/com/github/stephenc/jcip/jcip-annotations/1.0-1/jcip-annotations-1.0-1.jar:/Users/thiagomoreira/.m2/repository/org/springframework/cloud/spring-cloud-starter-openfeign/4.2.0/spring-cloud-starter-openfeign-4.2.0.jar:/Users/thiagomoreira/.m2/repository/org/springframework/cloud/spring-cloud-starter/4.2.0/spring-cloud-starter-4.2.0.jar:/Users/thiagomoreira/.m2/repository/org/springframework/cloud/spring-cloud-context/4.2.0/spring-cloud-context-4.2.0.jar:/Users/thiagomoreira/.m2/repository/org/bouncycastle/bcprov-jdk18on/1.78.1/bcprov-jdk18on-1.78.1.jar:/Users/thiagomoreira/.m2/repository/org/springframework/cloud/spring-cloud-openfeign-core/4.2.0/spring-cloud-openfeign-core-4.2.0.jar:/Users/thiagomoreira/.m2/repository/io/github/openfeign/feign-form-spring/13.5/feign-form-spring-13.5.jar:/Users/thiagomoreira/.m2/repository/io/github/openfeign/feign-form/13.5/feign-form-13.5.jar:/Users/thiagomoreira/.m2/repository/commons-fileupload/commons-fileupload/1.5/commons-fileupload-1.5.jar:/Users/thiagomoreira/.m2/repository/commons-io/commons-io/2.11.0/commons-io-2.11.0.jar:/Users/thiagomoreira/.m2/repository/org/springframework/cloud/spring-cloud-commons/4.2.0/spring-cloud-commons-4.2.0.jar:/Users/thiagomoreira/.m2/repository/io/github/openfeign/feign-core/13.5/feign-core-13.5.jar:/Users/thiagomoreira/.m2/repository/io/github/openfeign/feign-slf4j/13.5/feign-slf4j-13.5.jar:/Users/thiagomoreira/.m2/repository/com/google/code/gson/gson/2.11.0/gson-2.11.0.jar:/Users/thiagomoreira/.m2/repository/com/google/errorprone/error_prone_annotations/2.27.0/error_prone_annotations-2.27.0.jar:/Users/thiagomoreira/.m2/repository/javax/validation/validation-api/2.0.1.Final/validation-api-2.0.1.Final.jar:/Users/thiagomoreira/.m2/repository/javax/servlet/javax.servlet-api/3.1.0/javax.servlet-api-3.1.0.jar:/Users/thiagomoreira/.m2/repository/org/springdoc/springdoc-openapi-starter-webmvc-ui/2.6.0/springdoc-openapi-starter-webmvc-ui-2.6.0.jar:/Users/thiagomoreira/.m2/repository/org/springdoc/springdoc-openapi-starter-webmvc-api/2.6.0/springdoc-openapi-starter-webmvc-api-2.6.0.jar:/Users/thiagomoreira/.m2/repository/org/springdoc/springdoc-openapi-starter-common/2.6.0/springdoc-openapi-starter-common-2.6.0.jar:/Users/thiagomoreira/.m2/repository/io/swagger/core/v3/swagger-core-jakarta/2.2.22/swagger-core-jakarta-2.2.22.jar:/Users/thiagomoreira/.m2/repository/org/apache/commons/commons-lang3/3.17.0/commons-lang3-3.17.0.jar:/Users/thiagomoreira/.m2/repository/io/swagger/core/v3/swagger-annotations-jakarta/2.2.22/swagger-annotations-jakarta-2.2.22.jar:/Users/thiagomoreira/.m2/repository/io/swagger/core/v3/swagger-models-jakarta/2.2.22/swagger-models-jakarta-2.2.22.jar:/Users/thiagomoreira/.m2/repository/com/fasterxml/jackson/dataformat/jackson-dataformat-yaml/2.18.2/jackson-dataformat-yaml-2.18.2.jar:/Users/thiagomoreira/.m2/repository/org/webjars/swagger-ui/5.17.14/swagger-ui-5.17.14.jar:/Users/thiagomoreira/.m2/repository/org/springframework/boot/spring-boot-starter-webflux/3.4.1/spring-boot-starter-webflux-3.4.1.jar:/Users/thiagomoreira/.m2/repository/org/springframework/boot/spring-boot-starter-reactor-netty/3.4.1/spring-boot-starter-reactor-netty-3.4.1.jar:/Users/thiagomoreira/.m2/repository/io/projectreactor/netty/reactor-netty-http/1.2.1/reactor-netty-http-1.2.1.jar:/Users/thiagomoreira/.m2/repository/io/netty/netty-codec-http/4.1.116.Final/netty-codec-http-4.1.116.Final.jar:/Users/thiagomoreira/.m2/repository/io/netty/netty-common/4.1.116.Final/netty-common-4.1.116.Final.jar:/Users/thiagomoreira/.m2/repository/io/netty/netty-buffer/4.1.116.Final/netty-buffer-4.1.116.Final.jar:/Users/thiagomoreira/.m2/repository/io/netty/netty-transport/4.1.116.Final/netty-transport-4.1.116.Final.jar:/Users/thiagomoreira/.m2/repository/io/netty/netty-codec/4.1.116.Final/netty-codec-4.1.116.Final.jar:/Users/thiagomoreira/.m2/repository/io/netty/netty-handler/4.1.116.Final/netty-handler-4.1.116.Final.jar:/Users/thiagomoreira/.m2/repository/io/netty/netty-codec-http2/4.1.116.Final/netty-codec-http2-4.1.116.Final.jar:/Users/thiagomoreira/.m2/repository/io/netty/netty-resolver-dns/4.1.116.Final/netty-resolver-dns-4.1.116.Final.jar:/Users/thiagomoreira/.m2/repository/io/netty/netty-resolver/4.1.116.Final/netty-resolver-4.1.116.Final.jar:/Users/thiagomoreira/.m2/repository/io/netty/netty-codec-dns/4.1.116.Final/netty-codec-dns-4.1.116.Final.jar:/Users/thiagomoreira/.m2/repository/io/netty/netty-resolver-dns-native-macos/4.1.116.Final/netty-resolver-dns-native-macos-4.1.116.Final-osx-x86_64.jar:/Users/thiagomoreira/.m2/repository/io/netty/netty-resolver-dns-classes-macos/4.1.116.Final/netty-resolver-dns-classes-macos-4.1.116.Final.jar:/Users/thiagomoreira/.m2/repository/io/netty/netty-transport-native-epoll/4.1.116.Final/netty-transport-native-epoll-4.1.116.Final-linux-x86_64.jar:/Users/thiagomoreira/.m2/repository/io/netty/netty-transport-native-unix-common/4.1.116.Final/netty-transport-native-unix-common-4.1.116.Final.jar:/Users/thiagomoreira/.m2/repository/io/netty/netty-transport-classes-epoll/4.1.116.Final/netty-transport-classes-epoll-4.1.116.Final.jar:/Users/thiagomoreira/.m2/repository/io/projectreactor/netty/reactor-netty-core/1.2.1/reactor-netty-core-1.2.1.jar:/Users/thiagomoreira/.m2/repository/io/netty/netty-handler-proxy/4.1.116.Final/netty-handler-proxy-4.1.116.Final.jar:/Users/thiagomoreira/.m2/repository/io/netty/netty-codec-socks/4.1.116.Final/netty-codec-socks-4.1.116.Final.jar:/Users/thiagomoreira/.m2/repository/org/springframework/spring-webflux/6.2.1/spring-webflux-6.2.1.jar:/Users/thiagomoreira/.m2/repository/io/projectreactor/reactor-core/3.7.1/reactor-core-3.7.1.jar:/Users/thiagomoreira/.m2/repository/org/reactivestreams/reactive-streams/1.0.4/reactive-streams-1.0.4.jar:/Users/thiagomoreira/.m2/repository/org/springframework/boot/spring-boot-starter-actuator/3.4.1/spring-boot-starter-actuator-3.4.1.jar:/Users/thiagomoreira/.m2/repository/org/springframework/boot/spring-boot-actuator-autoconfigure/3.4.1/spring-boot-actuator-autoconfigure-3.4.1.jar:/Users/thiagomoreira/.m2/repository/org/springframework/boot/spring-boot-actuator/3.4.1/spring-boot-actuator-3.4.1.jar:/Users/thiagomoreira/.m2/repository/io/micrometer/micrometer-observation/1.14.2/micrometer-observation-1.14.2.jar:/Users/thiagomoreira/.m2/repository/io/micrometer/micrometer-commons/1.14.2/micrometer-commons-1.14.2.jar:/Users/thiagomoreira/.m2/repository/io/micrometer/micrometer-jakarta9/1.14.2/micrometer-jakarta9-1.14.2.jar:/Users/thiagomoreira/.m2/repository/io/micrometer/micrometer-core/1.14.2/micrometer-core-1.14.2.jar:/Users/thiagomoreira/.m2/repository/org/hdrhistogram/HdrHistogram/2.2.2/HdrHistogram-2.2.2.jar:/Users/thiagomoreira/.m2/repository/org/latencyutils/LatencyUtils/2.0.3/LatencyUtils-2.0.3.jar:"/>
    <property name="sun.cpu.endian" value="little"/>
    <property name="user.home" value="/Users/thiagomoreira"/>
    <property name="user.language" value="pt"/>
    <property name="java.specification.vendor" value="Oracle Corporation"/>
    <property name="java.version.date" value="2024-01-16"/>
    <property name="java.home" value="/Users/thiagomoreira/.sdkman/candidates/java/21.0.2-open"/>
    <property name="file.separator" value="/"/>
    <property name="basedir" value="/Users/thiagomoreira/APP-Snackbar/snackbar/backend"/>
    <property name="java.vm.compressedOopsMode" value="Zero based"/>
    <property name="line.separator" value="&#10;"/>
    <property name="java.vm.specification.vendor" value="Oracle Corporation"/>
    <property name="java.specification.name" value="Java Platform API Specification"/>
    <property name="apple.awt.application.name" value="ForkedBooter"/>
    <property name="surefire.real.class.path" value="/Users/thiagomoreira/APP-Snackbar/snackbar/backend/target/surefire/surefirebooter4412370466219143718.jar"/>
    <property name="sun.management.compiler" value="HotSpot 64-Bit Tiered Compilers"/>
    <property name="ftp.nonProxyHosts" value="local|*.local|169.254/16|*.169.254/16"/>
    <property name="java.runtime.version" value="21.0.2+13-58"/>
    <property name="user.name" value="thiagomoreira"/>
    <property name="stdout.encoding" value="UTF-8"/>
    <property name="path.separator" value=":"/>
    <property name="os.version" value="15.3.2"/>
    <property name="java.runtime.name" value="OpenJDK Runtime Environment"/>
    <property name="file.encoding" value="UTF-8"/>
    <property name="java.vm.name" value="OpenJDK 64-Bit Server VM"/>
    <property name="localRepository" value="/Users/thiagomoreira/.m2/repository"/>
    <property name="java.vendor.url.bug" value="https://bugreport.java.com/bugreport/"/>
    <property name="java.io.tmpdir" value="/var/folders/kk/xmvq3nl97gzbthvpkgsjvxc80000gn/T/"/>
    <property name="java.version" value="21.0.2"/>
    <property name="user.dir" value="/Users/thiagomoreira/APP-Snackbar/snackbar/backend"/>
    <property name="os.arch" value="aarch64"/>
    <property name="java.vm.specification.name" value="Java Virtual Machine Specification"/>
    <property name="native.encoding" value="UTF-8"/>
    <property name="java.library.path" value="/Users/thiagomoreira/Library/Java/Extensions:/Library/Java/Extensions:/Network/Library/Java/Extensions:/System/Library/Java/Extensions:/usr/lib/java:."/>
    <property name="java.vm.info" value="mixed mode, sharing"/>
    <property name="stderr.encoding" value="UTF-8"/>
    <property name="java.vendor" value="Oracle Corporation"/>
    <property name="java.vm.version" value="21.0.2+13-58"/>
    <property name="sun.io.unicode.encoding" value="UnicodeBig"/>
    <property name="socksNonProxyHosts" value="local|*.local|169.254/16|*.169.254/16"/>
    <property name="java.class.version" value="65.0"/>
  </properties>
  <testcase name="testNotify_whenSavingPickup_shouldSetCorrectValues" classname="com.snackbar.pickup.usecase.NotifyCustomerUseCaseImplTest" time="0.049">
    <system-out><![CDATA[Pedido 123 está PRONTO, Cliente notificado
]]></system-out>
  </testcase>
  <testcase name="testNotify_whenOrderExists_shouldNotifyCustomerAndUpdateStatus" classname="com.snackbar.pickup.usecase.NotifyCustomerUseCaseImplTest" time="0.004">
    <system-out><![CDATA[Pedido 123 está PRONTO, Cliente notificado
]]></system-out>
  </testcase>
</testsuite>